{"D:\\Workspace\\Personal\\react-app-template\\react\\Greeting.tsx": {"path":"D:\\Workspace\\Personal\\react-app-template\\react\\Greeting.tsx","statementMap":{"0":{"start":{"line":8,"column":2},"end":{"line":8,"column":31}}},"fnMap":{"0":{"name":"Greeting","decl":{"start":{"line":7,"column":9},"end":{"line":7,"column":17}},"loc":{"start":{"line":7,"column":35},"end":{"line":9,"column":1}},"line":7}},"branchMap":{},"s":{"0":1},"f":{"0":1},"b":{},"_coverageSchema":"1a1c01bbd47fc00a2c39e90264f33305004495a9","hash":"44e4bc7fc3f656ac207800444b4d0c8003852f13"}
}
